<suite name="Smoke">
    <test name="GCPCEstimateTest">
        <classes>
            <class name="test.GoogleCloudPlatformCalculatorEstimateTest" />
        </classes>
    </test>
</suite>