<suite name="All tests">
    <test name="All tests">
        <packages>
            <package name="test" />
        </packages>
    </test>
</suite>